<?xml version="1.0" encoding="UTF-8"?>
<!-- Generated by org.testng.reporters.JUnitReportReporter -->
<testsuite skipped="0" hostname="DESKTOP-L5HV6AU" name="testCases.TC001_Login" tests="1" failures="0" timestamp="2020-08-16T17:12:05 CDT" time="0.283" errors="0">
  <testcase name="Flights" time="0.283" classname="testCases.TC001_Login"/>
</testsuite> <!-- testCases.TC001_Login -->
