<?xml version="1.0" encoding="UTF-8"?>
<!-- Generated by org.testng.reporters.JUnitReportReporter -->
<testsuite skipped="0" hostname="DESKTOP-L5HV6AU" name="testCases.TC001_LoginTest" tests="1" failures="0" timestamp="2020-08-16T20:51:16 CDT" time="0.259" errors="0">
  <testcase name="LoginTest" time="0.259" classname="testCases.TC001_LoginTest"/>
</testsuite> <!-- testCases.TC001_LoginTest -->
